[2026-06-20T07:27:55.262Z] 🔍 GET /posts called - Query: {"username":"username"}, username="username"
[2026-06-20T07:27:55.405Z] 📊 Total posts in database: 3
[2026-06-20T07:27:55.407Z]    Post: title="Test Note", username="testuser"
[2026-06-20T07:27:55.408Z]    Post: title="Alice's Private Note", username="alice"
[2026-06-20T07:27:55.410Z]    Post: title="Bob's Secret Note", username="bob"
[2026-06-20T07:27:55.482Z] ✅ Returning 0 posts for user "username"
[2026-06-20T07:28:18.845Z] 🔍 GET /posts called - Query: {"username":"John"}, username="John"
[2026-06-20T07:28:18.919Z] 📊 Total posts in database: 3
[2026-06-20T07:28:18.921Z]    Post: title="Test Note", username="testuser"
[2026-06-20T07:28:18.923Z]    Post: title="Alice's Private Note", username="alice"
[2026-06-20T07:28:18.926Z]    Post: title="Bob's Secret Note", username="bob"
[2026-06-20T07:28:18.998Z] ✅ Returning 0 posts for user "John"
[2026-06-20T07:29:34.655Z] 📝 POST /posts called with body: {"body":"This is my first Full Stack Application","title":"Note App","username":"John"}
[2026-06-20T07:29:34.656Z]   title="Note App", body="This is my first Full Stack Application", username="John"
[2026-06-20T07:29:34.827Z]   ✅ Post created successfully with id: 6a36415eb185582389ce0e3e
[2026-06-20T07:29:34.841Z] 🔍 GET /posts called - Query: {"username":"John"}, username="John"
[2026-06-20T07:29:34.934Z] 📊 Total posts in database: 4
[2026-06-20T07:29:34.936Z]    Post: title="Test Note", username="testuser"
[2026-06-20T07:29:34.937Z]    Post: title="Alice's Private Note", username="alice"
[2026-06-20T07:29:34.938Z]    Post: title="Bob's Secret Note", username="bob"
[2026-06-20T07:29:34.940Z]    Post: title="Note App", username="John"
[2026-06-20T07:29:35.134Z] ✅ Returning 1 posts for user "John"
